[debug] [2022-01-17T20:41:35.436Z] ----------------------------------------------------------------------
[debug] [2022-01-17T20:41:35.437Z] Command:       D:\development\Nodejs\node.exe C:\Users\user\AppData\Roaming\npm\node_modules\firebase-tools\lib\bin\firebase.js init hosting
[debug] [2022-01-17T20:41:35.438Z] CLI Version:   10.1.0
[debug] [2022-01-17T20:41:35.438Z] Platform:      win32
[debug] [2022-01-17T20:41:35.438Z] Node Version:  v14.17.1
[debug] [2022-01-17T20:41:35.439Z] Time:          Mon Jan 17 2022 16:41:35 GMT-0400 (hora de Bolivia)
[debug] [2022-01-17T20:41:35.439Z] ----------------------------------------------------------------------
[debug] 
[debug] [2022-01-17T20:41:35.487Z] > command requires scopes: ["email","openid","https://www.googleapis.com/auth/cloudplatformprojects.readonly","https://www.googleapis.com/auth/firebase","https://www.googleapis.com/auth/cloud-platform"]
[debug] [2022-01-17T20:41:35.487Z] > authorizing via signed-in user (shackslow@gmail.com)
[info] 
     ######## #### ########  ######## ########     ###     ######  ########
     ##        ##  ##     ## ##       ##     ##  ##   ##  ##       ##
     ######    ##  ########  ######   ########  #########  ######  ######
     ##        ##  ##    ##  ##       ##     ## ##     ##       ## ##
     ##       #### ##     ## ######## ########  ##     ##  ######  ########

You're about to initialize a Firebase project in this directory:

  D:\development\proyectos\vue-tailwind

Before we get started, keep in mind:

  * You are initializing within an existing Firebase project directory

[info] 
=== Project Setup
[info] 
[info] First, let's associate this project directory with a Firebase project.
[info] You can create multiple project aliases by running firebase use --add, 
[info] but for now we'll just set up a default project.
[info] 
[debug] [2022-01-17T20:41:41.022Z] Using project from CLI flag: wz-db-ed1ca
[debug] [2022-01-17T20:41:41.025Z] >>> [apiv2][query] GET https://firebase.googleapis.com/v1beta1/projects/wz-db-ed1ca [none]
[debug] [2022-01-17T20:41:42.077Z] <<< [apiv2][status] GET https://firebase.googleapis.com/v1beta1/projects/wz-db-ed1ca 200
[debug] [2022-01-17T20:41:42.077Z] <<< [apiv2][body] GET https://firebase.googleapis.com/v1beta1/projects/wz-db-ed1ca {"projectId":"wz-db-ed1ca","projectNumber":"825395959123","displayName":"wz-db","name":"projects/wz-db-ed1ca","resources":{"hostingSite":"wz-db-ed1ca","storageBucket":"wz-db-ed1ca.appspot.com","locationId":"us-central"},"state":"ACTIVE"}
[info] i  Using project wz-db-ed1ca (wz-db) 
[info] 
=== Hosting Setup
[info] 
[info] Your public directory is the folder (relative to your project directory) that
[info] will contain Hosting assets to be uploaded with firebase deploy. If you
[info] have a build process for your assets, use your build's output directory.
[info] 
[debug] [2022-01-17T20:42:02.518Z] >>> [apiv2][query] GET https://www.gstatic.com/firebasejs/releases.json [none]
[debug] [2022-01-17T20:42:02.652Z] <<< [apiv2][status] GET https://www.gstatic.com/firebasejs/releases.json 200
[debug] [2022-01-17T20:42:02.652Z] <<< [apiv2][body] GET https://www.gstatic.com/firebasejs/releases.json {"current":{"version":"9.6.3","browserURL":"https://www.gstatic.com/firebasejs/9.6.3/firebase.js","packageURL":"https://www.gstatic.com/firebasejs/9.6.3/firebase.tgz"},"live":{"version":"9.6","browserURL":"https://www.gstatic.com/firebasejs/live/9.6/firebase.js","packageURL":"https://www.gstatic.com/firebasejs/live/9.6/firebase.tgz"},"components":{"analytics":"https://www.gstatic.com/firebasejs/9.6.3/firebase-analytics.js","app":"https://www.gstatic.com/firebasejs/9.6.3/firebase-app.js","app-check":"https://www.gstatic.com/firebasejs/9.6.3/firebase-app-check.js","auth":"https://www.gstatic.com/firebasejs/9.6.3/firebase-auth.js","auth/cordova":"https://www.gstatic.com/firebasejs/9.6.3/firebase-auth/cordova.js","auth/react-native":"https://www.gstatic.com/firebasejs/9.6.3/firebase-auth/react-native.js","functions":"https://www.gstatic.com/firebasejs/9.6.3/firebase-functions.js","firestore":"https://www.gstatic.com/firebasejs/9.6.3/firebase-firestore.js","firestore/lite":"https://www.gstatic.com/firebasejs/9.6.3/firebase-firestore/lite.js","storage":"https://www.gstatic.com/firebasejs/9.6.3/firebase-storage.js","performance":"https://www.gstatic.com/firebasejs/9.6.3/firebase-performance.js","remote-config":"https://www.gstatic.com/firebasejs/9.6.3/firebase-remote-config.js","messaging":"https://www.gstatic.com/firebasejs/9.6.3/firebase-messaging.js","messaging/sw":"https://www.gstatic.com/firebasejs/9.6.3/firebase-messaging/sw.js","database":"https://www.gstatic.com/firebasejs/9.6.3/firebase-database.js","firestore.memory":"https://www.gstatic.com/firebasejs/9.6.3/firebase-firestore.memory.js"}}
[debug] [2022-01-17T20:42:59.027Z] ----------------------------------------------------------------------
[debug] [2022-01-17T20:42:59.029Z] Command:       D:\development\Nodejs\node.exe C:\Users\user\AppData\Roaming\npm\node_modules\firebase-tools\lib\bin\firebase.js init hosting
[debug] [2022-01-17T20:42:59.030Z] CLI Version:   10.1.0
[debug] [2022-01-17T20:42:59.030Z] Platform:      win32
[debug] [2022-01-17T20:42:59.030Z] Node Version:  v14.17.1
[debug] [2022-01-17T20:42:59.031Z] Time:          Mon Jan 17 2022 16:42:59 GMT-0400 (hora de Bolivia)
[debug] [2022-01-17T20:42:59.031Z] ----------------------------------------------------------------------
[debug] 
[debug] [2022-01-17T20:42:59.081Z] > command requires scopes: ["email","openid","https://www.googleapis.com/auth/cloudplatformprojects.readonly","https://www.googleapis.com/auth/firebase","https://www.googleapis.com/auth/cloud-platform"]
[debug] [2022-01-17T20:42:59.081Z] > authorizing via signed-in user (shackslow@gmail.com)
[info] 
     ######## #### ########  ######## ########     ###     ######  ########
     ##        ##  ##     ## ##       ##     ##  ##   ##  ##       ##
     ######    ##  ########  ######   ########  #########  ######  ######
     ##        ##  ##    ##  ##       ##     ## ##     ##       ## ##
     ##       #### ##     ## ######## ########  ##     ##  ######  ########

You're about to initialize a Firebase project in this directory:

  D:\development\proyectos\vue-tailwind

Before we get started, keep in mind:

  * You are initializing within an existing Firebase project directory

[info] 
=== Project Setup
[info] 
[info] First, let's associate this project directory with a Firebase project.
[info] You can create multiple project aliases by running firebase use --add, 
[info] but for now we'll just set up a default project.
[info] 
[debug] [2022-01-17T20:43:01.000Z] Using project from CLI flag: wz-db-ed1ca
[debug] [2022-01-17T20:43:01.002Z] >>> [apiv2][query] GET https://firebase.googleapis.com/v1beta1/projects/wz-db-ed1ca [none]
[debug] [2022-01-17T20:43:01.398Z] <<< [apiv2][status] GET https://firebase.googleapis.com/v1beta1/projects/wz-db-ed1ca 200
[debug] [2022-01-17T20:43:01.399Z] <<< [apiv2][body] GET https://firebase.googleapis.com/v1beta1/projects/wz-db-ed1ca {"projectId":"wz-db-ed1ca","projectNumber":"825395959123","displayName":"wz-db","name":"projects/wz-db-ed1ca","resources":{"hostingSite":"wz-db-ed1ca","storageBucket":"wz-db-ed1ca.appspot.com","locationId":"us-central"},"state":"ACTIVE"}
[info] i  Using project wz-db-ed1ca (wz-db) 
[info] 
=== Hosting Setup
[info] 
[info] Your public directory is the folder (relative to your project directory) that
[info] will contain Hosting assets to be uploaded with firebase deploy. If you
[info] have a build process for your assets, use your build's output directory.
[info] 
[debug] [2022-01-17T20:43:24.790Z] >>> [apiv2][query] GET https://www.gstatic.com/firebasejs/releases.json [none]
[debug] [2022-01-17T20:43:24.926Z] <<< [apiv2][status] GET https://www.gstatic.com/firebasejs/releases.json 200
[debug] [2022-01-17T20:43:24.926Z] <<< [apiv2][body] GET https://www.gstatic.com/firebasejs/releases.json {"current":{"version":"9.6.3","browserURL":"https://www.gstatic.com/firebasejs/9.6.3/firebase.js","packageURL":"https://www.gstatic.com/firebasejs/9.6.3/firebase.tgz"},"live":{"version":"9.6","browserURL":"https://www.gstatic.com/firebasejs/live/9.6/firebase.js","packageURL":"https://www.gstatic.com/firebasejs/live/9.6/firebase.tgz"},"components":{"analytics":"https://www.gstatic.com/firebasejs/9.6.3/firebase-analytics.js","app":"https://www.gstatic.com/firebasejs/9.6.3/firebase-app.js","app-check":"https://www.gstatic.com/firebasejs/9.6.3/firebase-app-check.js","auth":"https://www.gstatic.com/firebasejs/9.6.3/firebase-auth.js","auth/cordova":"https://www.gstatic.com/firebasejs/9.6.3/firebase-auth/cordova.js","auth/react-native":"https://www.gstatic.com/firebasejs/9.6.3/firebase-auth/react-native.js","functions":"https://www.gstatic.com/firebasejs/9.6.3/firebase-functions.js","firestore":"https://www.gstatic.com/firebasejs/9.6.3/firebase-firestore.js","firestore/lite":"https://www.gstatic.com/firebasejs/9.6.3/firebase-firestore/lite.js","storage":"https://www.gstatic.com/firebasejs/9.6.3/firebase-storage.js","performance":"https://www.gstatic.com/firebasejs/9.6.3/firebase-performance.js","remote-config":"https://www.gstatic.com/firebasejs/9.6.3/firebase-remote-config.js","messaging":"https://www.gstatic.com/firebasejs/9.6.3/firebase-messaging.js","messaging/sw":"https://www.gstatic.com/firebasejs/9.6.3/firebase-messaging/sw.js","database":"https://www.gstatic.com/firebasejs/9.6.3/firebase-database.js","firestore.memory":"https://www.gstatic.com/firebasejs/9.6.3/firebase-firestore.memory.js"}}
[info] +  Wrote dist/index.html 
[info] 
[info] i  Detected a .git folder at D:\development\proyectos\vue-tailwind 
[info] i  Authorizing with GitHub to upload your service account to a GitHub repository's secrets store. 
[info] 
[info] Visit this URL on this device to log in:
[info] https://github.com/login/oauth/authorize?client_id=89cf50f02ac6aaed3484&state=527440697&redirect_uri=http%3A%2F%2Flocalhost%3A9005&scope=read%3Auser%20repo%20public_repo
[info] 
[info] Waiting for authentication...
[debug] [2022-01-17T20:44:02.254Z] >>> HTTP REQUEST POST https://github.com/login/oauth/access_token  
 {"client_id":"89cf50f02ac6aaed3484","client_secret":"3330d14abc895d9a74d5f17cd7a00711fa2c5bf0","code":"366f3f7d44dc53ee10ba","redirect_uri":"http://localhost:9005","state":"527440697"}
[debug] [2022-01-17T20:44:13.901Z] <<< HTTP RESPONSE 200 {"server":"GitHub.com","date":"Mon, 17 Jan 2022 20:44:12 GMT","content-type":"application/json; charset=utf-8","transfer-encoding":"chunked","vary":"X-PJAX, X-PJAX-Container, Accept-Encoding, Accept, X-Requested-With","permissions-policy":"interest-cohort=()","etag":"W/\"8030b22c78c2be4d161e3087c0cbfbca\"","cache-control":"max-age=0, private, must-revalidate","strict-transport-security":"max-age=31536000; includeSubdomains; preload","x-frame-options":"deny","x-content-type-options":"nosniff","x-xss-protection":"0","referrer-policy":"origin-when-cross-origin, strict-origin-when-cross-origin","expect-ct":"max-age=2592000, report-uri=\"https://api.github.com/_private/browser/errors\"","content-security-policy":"default-src 'none'; base-uri 'self'; block-all-mixed-content; child-src github.com/assets-cdn/worker/ gist.github.com/assets-cdn/worker/; connect-src 'self' uploads.github.com objects-origin.githubusercontent.com www.githubstatus.com collector.githubapp.com api.github.com github-cloud.s3.amazonaws.com github-production-repository-file-5c1aeb.s3.amazonaws.com github-production-upload-manifest-file-7fdce7.s3.amazonaws.com github-production-user-asset-6210df.s3.amazonaws.com cdn.optimizely.com logx.optimizely.com/v1/events translator.github.com wss://alive.github.com; font-src github.githubassets.com; form-action 'self' github.com gist.github.com objects-origin.githubusercontent.com; frame-ancestors 'none'; frame-src render.githubusercontent.com viewscreen.githubusercontent.com notebooks.githubusercontent.com; img-src 'self' data: github.githubassets.com identicons.github.com collector.githubapp.com github-cloud.s3.amazonaws.com secured-user-images.githubusercontent.com/ *.githubusercontent.com; manifest-src 'self'; media-src github.com user-images.githubusercontent.com/; script-src github.githubassets.com; style-src 'unsafe-inline' github.githubassets.com; worker-src github.com/assets-cdn/worker/ gist.github.com/assets-cdn/worker/","x-github-request-id":"57A1:6E0C:FB02B5:19EF4FC:61E5D51C"}
[debug] [2022-01-17T20:44:13.903Z] >>> [apiv2][query] GET https://api.github.com/user [none]
[debug] [2022-01-17T20:44:20.377Z] <<< [apiv2][status] GET https://api.github.com/user 200
[debug] [2022-01-17T20:44:20.377Z] <<< [apiv2][body] GET https://api.github.com/user {"login":"lacs98","id":74496028,"node_id":"MDQ6VXNlcjc0NDk2MDI4","avatar_url":"https://avatars.githubusercontent.com/u/74496028?v=4","gravatar_id":"","url":"https://api.github.com/users/lacs98","html_url":"https://github.com/lacs98","followers_url":"https://api.github.com/users/lacs98/followers","following_url":"https://api.github.com/users/lacs98/following{/other_user}","gists_url":"https://api.github.com/users/lacs98/gists{/gist_id}","starred_url":"https://api.github.com/users/lacs98/starred{/owner}{/repo}","subscriptions_url":"https://api.github.com/users/lacs98/subscriptions","organizations_url":"https://api.github.com/users/lacs98/orgs","repos_url":"https://api.github.com/users/lacs98/repos","events_url":"https://api.github.com/users/lacs98/events{/privacy}","received_events_url":"https://api.github.com/users/lacs98/received_events","type":"User","site_admin":false,"name":null,"company":null,"blog":"","location":null,"email":null,"hireable":null,"bio":null,"twitter_username":null,"public_repos":1,"public_gists":0,"followers":0,"following":0,"created_at":"2020-11-15T13:13:04Z","updated_at":"2022-01-17T20:43:57Z","private_gists":0,"total_private_repos":1,"owned_private_repos":1,"disk_usage":2462,"collaborators":0,"two_factor_authentication":false,"plan":{"name":"free","space":976562499,"collaborators":0,"private_repos":10000}}
[info] 
[info] +  Success! Logged into GitHub as lacs98 
[info] 
[debug] [2022-01-17T20:45:06.586Z] >>> [apiv2][query] GET https://api.github.com/repos//actions/secrets/public-key type=owner
[debug] [2022-01-17T20:45:12.300Z] <<< [apiv2][status] GET https://api.github.com/repos//actions/secrets/public-key 404
[debug] [2022-01-17T20:45:12.300Z] <<< [apiv2][body] GET https://api.github.com/repos//actions/secrets/public-key {"message":"Not Found","documentation_url":"https://docs.github.com/rest"}
